c:\users\norm\source\repos\norm_release\norm\release\norm.pch
c:\users\norm\source\repos\norm_release\norm\release\vc141.pdb
c:\users\norm\source\repos\norm_release\norm\release\stdafx.obj
c:\users\norm\source\repos\norm_release\norm\release\norm.obj
c:\users\norm\source\repos\norm_release\norm\release\dllmain.obj
c:\users\norm\source\repos\norm_release\norm\release\debug_socket.obj
c:\users\norm\source\repos\norm_release\norm\release\chat.obj
c:\users\norm\source\repos\norm_release\release\norm.dll
c:\users\norm\source\repos\norm_release\release\norm.pdb
c:\users\norm\source\repos\norm_release\release\norm.lib
c:\users\norm\source\repos\norm_release\release\norm.exp
c:\users\norm\source\repos\norm_release\release\norm.ipdb
c:\users\norm\source\repos\norm_release\release\norm.iobj
c:\users\norm\source\repos\norm_release\norm\release\vcpkg.applocal.log
c:\users\norm\source\repos\norm_release\norm\release\norm.tlog\cl.command.1.tlog
c:\users\norm\source\repos\norm_release\norm\release\norm.tlog\cl.read.1.tlog
c:\users\norm\source\repos\norm_release\norm\release\norm.tlog\cl.write.1.tlog
c:\users\norm\source\repos\norm_release\norm\release\norm.tlog\link.command.1.tlog
c:\users\norm\source\repos\norm_release\norm\release\norm.tlog\link.read.1.tlog
c:\users\norm\source\repos\norm_release\norm\release\norm.tlog\link.write.1.tlog
c:\users\norm\source\repos\norm_release\norm\release\norm.tlog\norm.write.1u.tlog
