c:\users\norm\source\repos\norm_release\norm\debug\norm.pch
c:\users\norm\source\repos\norm_release\norm\debug\vc141.pdb
c:\users\norm\source\repos\norm_release\norm\debug\vc141.idb
c:\users\norm\source\repos\norm_release\norm\debug\stdafx.obj
c:\users\norm\source\repos\norm_release\norm\debug\norm.obj
c:\users\norm\source\repos\norm_release\norm\debug\dllmain.obj
c:\users\norm\source\repos\norm_release\norm\debug\debug_socket.obj
c:\users\norm\source\repos\norm_release\norm\debug\chat.obj
c:\users\norm\source\repos\norm_release\debug\norm.ilk
c:\users\norm\source\repos\norm_release\debug\norm.dll
c:\users\norm\source\repos\norm_release\debug\norm.pdb
c:\users\norm\source\repos\norm_release\debug\norm.lib
c:\users\norm\source\repos\norm_release\debug\norm.exp
c:\users\norm\source\repos\norm_release\norm\debug\vcpkg.applocal.log
c:\users\norm\source\repos\norm_release\norm\debug\norm.tlog\cl.command.1.tlog
c:\users\norm\source\repos\norm_release\norm\debug\norm.tlog\cl.read.1.tlog
c:\users\norm\source\repos\norm_release\norm\debug\norm.tlog\cl.write.1.tlog
c:\users\norm\source\repos\norm_release\norm\debug\norm.tlog\link.command.1.tlog
c:\users\norm\source\repos\norm_release\norm\debug\norm.tlog\link.read.1.tlog
c:\users\norm\source\repos\norm_release\norm\debug\norm.tlog\link.write.1.tlog
c:\users\norm\source\repos\norm_release\norm\debug\norm.tlog\norm.write.1u.tlog
